Logfile initialized
[INFO] logfile = C:\Titaniumworkspace\HtmlTest1\build.log
[DEBUG] C:\Users\jumbo\AppData\Roaming\Titanium\mobilesdk\win32\3.0.2.GA\android\builder.py simulator HtmlTest1 C:\Users\jumbo\Android\android-sdk C:\Titaniumworkspace\HtmlTest1 com.test.htmltest1 12 QVGA
[INFO] Building HtmlTest1 for Android ... one moment
[INFO] Titanium SDK version: 3.0.2 (02/15/13 19:02 5a77fe7)
[DEBUG] Waiting for device to be ready ...
[TRACE] adb devices returned 1 devices/emulators
[DEBUG] Device connected... (waited 0 seconds)
[DEBUG] waited 0.014000 seconds on emulator to get ready
[DEBUG] com.test.htmltest1 installed? False
[INFO] Fastdev server running, deploying in Fastdev mode
[INFO] Copying CommonJS modules...
[INFO] Copying project resources..
[INFO] Tiapp.xml unchanged, skipping class generation
[DEBUG] Processing Android resource drawables
[DEBUG] copying app icon: C:\Titaniumworkspace\HtmlTest1\build\android\bin\assets\Resources\appicon.png
[ERROR] Exception occured while building Android project:
[ERROR] Traceback (most recent call last):
[ERROR]   File "C:\Users\jumbo\AppData\Roaming\Titanium\mobilesdk\win32\3.0.2.GA\android\builder.py", line 2392, in <module>
[ERROR]     builder.build_and_run(False, avd_id, debugger_host=debugger_host)
[ERROR]   File "C:\Users\jumbo\AppData\Roaming\Titanium\mobilesdk\win32\3.0.2.GA\android\builder.py", line 2141, in build_and_run
[ERROR]     self.manifest_changed = self.generate_android_manifest(compiler)
[ERROR]   File "C:\Users\jumbo\AppData\Roaming\Titanium\mobilesdk\win32\3.0.2.GA\android\builder.py", line 1063, in generate_android_manifest
[ERROR]     shutil.copy(icon_path, dest_icon)
[ERROR]   File "C:\Titanium Studio\plugins\com.appcelerator.titanium.python.win32_1.0.0.1338515509\python\lib\shutil.py", line 116, in copy
[ERROR]     copyfile(src, dst)
[ERROR]   File "C:\Titanium Studio\plugins\com.appcelerator.titanium.python.win32_1.0.0.1338515509\python\lib\shutil.py", line 81, in copyfile
[ERROR]     with open(src, 'rb') as fsrc:
[ERROR] IOError: [Errno 2] No such file or directory: u'C:\\Titaniumworkspace\\HtmlTest1\\build\\android\\bin\\assets\\Resources\\appicon.png'
